======================================================================
Genesis-Core Backtest Runner
======================================================================
[MODE] GENESIS_FAST_WINDOW=1 GENESIS_PRECOMPUTE_FEATURES=1 GENESIS_RANDOM_SEED=42
[CONFIG:champion] Using complete champion config (no runtime merge)
[Optuna] Pruning enabled for trial 3
Backtest:   0%|          | 0/193 [00:00<?]Backtest: 100%|##########| 193/193 [00:00<00:00]

=== Backtest Metrics ===
Symbol: tBTCUSD
Timeframe: 1h
Period: 2024-12-03 00:00:00+00:00 to 2024-12-11 00:00:00+00:00

Total Return: 0.26%
Total Trades: 7
Win Rate: 71.4%
Sharpe Ratio: 0.479
Max Drawdown: 0.45%
Profit Factor: 4.87

Score: -99.1734
[SAVED] Results: results\backtests\tBTCUSD_1h_20260121_100631.json
[SAVED] Trades CSV: results\trades\tBTCUSD_1h_trades_20260121_100631.csv
[SAVED] Equity curve CSV: results\backtests\tBTCUSD_1h_equity_20260121_100631.csv

[OK] Results saved:
  json: results\backtests\tBTCUSD_1h_20260121_100631.json
  trades_csv: results\trades\tBTCUSD_1h_trades_20260121_100631.csv
  equity_csv: results\backtests\tBTCUSD_1h_equity_20260121_100631.csv

[SUCCESS] Backtest complete!
